<?xml version="1.0" encoding="UTF-8"?>
<!-- Generated by org.testng.reporters.JUnitReportReporter -->
<testsuite skipped="0" hostname="DELL-AXEL" name="Tests.Test_Login" tests="1" failures="0" timestamp="05 jun 2019 14:42:08 GMT" time="0.027" errors="0">
  <testcase name="f" time="0.027" classname="Tests.Test_Login"/>
</testsuite> <!-- Tests.Test_Login -->
